  =========================================================================================  
=============================================================================================

         CI/CD TEST STAGE | 3/21/2024 4:45:08 PM (UTC-05:00) Eastern Time (US & Canada)

=============================================================================================
  =========================================================================================  


Project dependencies:
---------------------------------------------------------------------------------------------
ACD file path specified:          C:\Users\ASYost\source\repos\ra-cicd-test-old\DEVELOPMENT-files\CICD_test.ACD
Communication path specified:     EmulateEthernet\127.0.0.1
Common language runtime version:  v4.0.30319
---------------------------------------------------------------------------------------------


----------------------------------------STAGING TEST-----------------------------------------
[4:45:08 PM] START opening ACD file...
[4:45:34 PM] SUCCESS opening ACD file
---
[4:45:34 PM] START changing controller to PROGRAM...
[4:45:35 PM] SUCCESS changing controller to PROGRAM
---
[4:45:35 PM] START downloading ACD file...
[4:45:44 PM] SUCCESS downloading ACD file
---
[4:45:44 PM] START Changing controller to RUN...
[4:45:45 PM] SUCCESS changing controller to RUN
-----------------------------------------BEGIN TEST------------------------------------------
[4:45:45 PM] START getting initial project start-up tag values...
test_DINT_1 offline value: 1
test_DINT_1 online value: 1
TOGGLE_WetBulbTempCalc online value: False
TOGGLE_WetBulbTempCalc offline value: False
TEST_AOI_WetBulbTemp_isFahrenheit online value: False
TEST_AOI_WetBulbTemp_isFahrenheit offline value: False
TEST_AOI_WetBulbTemp_RelativeHumidity online value: 0
TEST_AOI_WetBulbTemp_RelativeHumidity offline value: 0
TEST_AOI_WetBulbTemp_Temperature online value: 0
TEST_AOI_WetBulbTemp_Temperature offline value: 0
[4:45:47 PM] SUCCESS getting initial project start-up tag values
---
[4:45:47 PM] START verifying whether offline and online values are the same...
FAILURE: test_DINT_1 online value: 1 and test_DINT_1 offline value: 1 NOT equal.
FAILURE: TOGGLE_WetBulbTempCalc online value: False and TOGGLE_WetBulbTempCalc offline value: False NOT equal.
FAILURE: TEST_AOI_WetBulbTemp_isFahrenheit online value: False and TEST_AOI_WetBulbTemp_isFahrenheit offline value: False NOT equal.
FAILURE: TEST_AOI_WetBulbTemp_RelativeHumidity online value: 0 and TEST_AOI_WetBulbTemp_RelativeHumidity offline value: 0 NOT equal.
FAILURE: TEST_AOI_WetBulbTemp_Temperature online value: 0 and TEST_AOI_WetBulbTemp_Temperature offline value: 0 NOT equal.
[4:45:47 PM] DONE verifying whether offline and online values are the same
---
[4:45:47 PM] START setting tag values...
test_DINT_1 online new value: 111
[4:45:48 PM] SUCCESS setting tag values
---
[4:45:48 PM] START getting tag values...
test_DINT_1 online value: 111
test_DINT_2 online value: 20
test_DINT_3 online value: 30
test_DINT_1 offline value: 1
test_DINT_2 offline value: 20
test_DINT_3 offline value: 30
[4:45:50 PM] SUCCESS getting tag values
---------------------------------------TEST COMPLETE-----------------------------------------
